<?xml version="1.0" encoding="UTF-8" ?>
<testsuite tests="5" failures="0" name="entidad.ClaseTest" time="0" errors="0" skipped="0">
  <properties>
[...]
</properties>
  <testcase classname="entidad.ClaseTest" name="testSetDescripcion" time="0"/>
  <testcase classname="entidad.ClaseTest" name="testSetInstructor" time="0"/>
  <testcase classname="entidad.ClaseTest" name="testSetRecursos" time="0"/>
  <testcase classname="entidad.ClaseTest" name="testSetCodigo" time="0"/>
  <testcase classname="entidad.ClaseTest" name="testSetNombre" time="0"/>
</testsuite>